<?xml version="1.0" encoding="UTF-8"?>
<!-- Generated by org.testng.reporters.JUnitReportReporter -->
<testsuite hostname="DESKTOP-HVV99FI" failures="0" tests="1" name="demo1.NewTest11" time="0.013" errors="0" timestamp="18 Sep 2021 07:31:26 GMT" skipped="0">
  <testcase classname="demo1.NewTest11" name="demotest" time="0.013"/>
</testsuite> <!-- demo1.NewTest11 -->
