<?xml version="1.0" encoding="UTF-8"?>
<!-- Generated by org.testng.reporters.JUnitReportReporter -->
<testsuite hostname="DESKTOP-HVV99FI" failures="0" tests="1" name="A1_Day01.TC01_Add_jobs_Methods_Static" time="26.157" errors="0" timestamp="21 Sep 2021 12:56:15 GMT" skipped="0">
  <testcase classname="A1_Day01.TC01_Add_jobs_Methods_Static" name="Add_jobs_Test" time="26.157"/>
</testsuite> <!-- A1_Day01.TC01_Add_jobs_Methods_Static -->
