<?xml version="1.0" encoding="UTF-8"?>
<!-- Generated by org.testng.reporters.JUnitReportReporter -->
<testsuite hostname="DESKTOP-HVV99FI" failures="0" tests="1" name="demoOrange.NewTest11" time="8.872" errors="0" timestamp="18 Sep 2021 07:31:26 GMT" skipped="0">
  <testcase classname="demoOrange.NewTest11" name="Orange_Test" time="8.872"/>
</testsuite> <!-- demoOrange.NewTest11 -->
