<?xml version="1.0" encoding="UTF-8"?>
<!-- Generated by org.testng.reporters.JUnitReportReporter -->
<testsuite hostname="DESKTOP-HVV99FI" failures="0" tests="1" name="Day_004_Dropdown.Listbox2" time="34.005" errors="0" timestamp="18 Sep 2021 07:31:26 GMT" skipped="0">
  <testcase classname="Day_004_Dropdown.Listbox2" name="Test1" time="34.005"/>
</testsuite> <!-- Day_004_Dropdown.Listbox2 -->
