<?xml version="1.0" encoding="UTF-8"?>
<!-- Generated by org.testng.reporters.JUnitReportReporter -->
<testsuite hostname="DESKTOP-HVV99FI" failures="0" tests="1" name="A1_Day01.TC01_Add_jobs_Methods_Parameters" time="27.443" errors="0" timestamp="21 Sep 2021 09:48:27 GMT" skipped="0">
  <testcase classname="A1_Day01.TC01_Add_jobs_Methods_Parameters" name="Add_jobs_Test" time="27.443"/>
</testsuite> <!-- A1_Day01.TC01_Add_jobs_Methods_Parameters -->
